running egg_info
creating ../../build/yolov8_cam/yolov8_cam.egg-info
writing ../../build/yolov8_cam/yolov8_cam.egg-info/PKG-INFO
writing dependency_links to ../../build/yolov8_cam/yolov8_cam.egg-info/dependency_links.txt
writing entry points to ../../build/yolov8_cam/yolov8_cam.egg-info/entry_points.txt
writing requirements to ../../build/yolov8_cam/yolov8_cam.egg-info/requires.txt
writing top-level names to ../../build/yolov8_cam/yolov8_cam.egg-info/top_level.txt
writing manifest file '../../build/yolov8_cam/yolov8_cam.egg-info/SOURCES.txt'
reading manifest file '../../build/yolov8_cam/yolov8_cam.egg-info/SOURCES.txt'
writing manifest file '../../build/yolov8_cam/yolov8_cam.egg-info/SOURCES.txt'
running build
running build_py
creating /home/hs/yolo_ws/build/yolov8_cam/build
creating /home/hs/yolo_ws/build/yolov8_cam/build/lib
creating /home/hs/yolo_ws/build/yolov8_cam/build/lib/yolov8_cam
copying yolov8_cam/webcam_publisher.py -> /home/hs/yolo_ws/build/yolov8_cam/build/lib/yolov8_cam
copying yolov8_cam/__init__.py -> /home/hs/yolo_ws/build/yolov8_cam/build/lib/yolov8_cam
running install
running install_lib
creating /home/hs/yolo_ws/install/yolov8_cam/lib/python3.8/site-packages/yolov8_cam
copying /home/hs/yolo_ws/build/yolov8_cam/build/lib/yolov8_cam/webcam_publisher.py -> /home/hs/yolo_ws/install/yolov8_cam/lib/python3.8/site-packages/yolov8_cam
copying /home/hs/yolo_ws/build/yolov8_cam/build/lib/yolov8_cam/__init__.py -> /home/hs/yolo_ws/install/yolov8_cam/lib/python3.8/site-packages/yolov8_cam
byte-compiling /home/hs/yolo_ws/install/yolov8_cam/lib/python3.8/site-packages/yolov8_cam/webcam_publisher.py to webcam_publisher.cpython-38.pyc
byte-compiling /home/hs/yolo_ws/install/yolov8_cam/lib/python3.8/site-packages/yolov8_cam/__init__.py to __init__.cpython-38.pyc
running install_data
copying package.xml -> /home/hs/yolo_ws/install/yolov8_cam/share/yolov8_cam
running install_egg_info
Copying ../../build/yolov8_cam/yolov8_cam.egg-info to /home/hs/yolo_ws/install/yolov8_cam/lib/python3.8/site-packages/yolov8_cam-0.0.0-py3.8.egg-info
running install_scripts
Installing webcam_publisher script to /home/hs/yolo_ws/install/yolov8_cam/lib/yolov8_cam
writing list of installed files to '/home/hs/yolo_ws/build/yolov8_cam/install.log'
