[1.013s] Invoking command in '/home/hs/yolo_ws/src/yolov8_cam': PS1=(yolov8_env) \[\e]0;\u@\h: \w\a\]${debian_chroot:+($debian_chroot)}\[\033[01;32m\]\u@\h\[\033[00m\]:\[\033[01;34m\]\w\[\033[00m\]\$ PYTHONPATH=/home/hs/yolo_ws/build/yolov8_cam/prefix_override:/usr/lib/python3/dist-packages/colcon_core/task/python/colcon_distutils_commands:/home/hs/yolo_ws/install/yolov8_cam/lib/python3.8/site-packages:${PYTHONPATH} /usr/bin/python3 -W ignore:setup.py install is deprecated -W ignore:easy_install command is deprecated setup.py egg_info --egg-base ../../build/yolov8_cam build --build-base /home/hs/yolo_ws/build/yolov8_cam/build install --record /home/hs/yolo_ws/build/yolov8_cam/install.log --install-scripts $base/lib/yolov8_cam --single-version-externally-managed install_data
[1.186s] running egg_info
[1.187s] creating ../../build/yolov8_cam/yolov8_cam.egg-info
[1.187s] writing ../../build/yolov8_cam/yolov8_cam.egg-info/PKG-INFO
[1.187s] writing dependency_links to ../../build/yolov8_cam/yolov8_cam.egg-info/dependency_links.txt
[1.187s] writing entry points to ../../build/yolov8_cam/yolov8_cam.egg-info/entry_points.txt
[1.187s] writing requirements to ../../build/yolov8_cam/yolov8_cam.egg-info/requires.txt
[1.187s] writing top-level names to ../../build/yolov8_cam/yolov8_cam.egg-info/top_level.txt
[1.188s] writing manifest file '../../build/yolov8_cam/yolov8_cam.egg-info/SOURCES.txt'
[1.212s] reading manifest file '../../build/yolov8_cam/yolov8_cam.egg-info/SOURCES.txt'
[1.213s] writing manifest file '../../build/yolov8_cam/yolov8_cam.egg-info/SOURCES.txt'
[1.213s] running build
[1.213s] running build_py
[1.213s] creating /home/hs/yolo_ws/build/yolov8_cam/build
[1.213s] creating /home/hs/yolo_ws/build/yolov8_cam/build/lib
[1.213s] creating /home/hs/yolo_ws/build/yolov8_cam/build/lib/yolov8_cam
[1.213s] copying yolov8_cam/webcam_publisher.py -> /home/hs/yolo_ws/build/yolov8_cam/build/lib/yolov8_cam
[1.213s] copying yolov8_cam/__init__.py -> /home/hs/yolo_ws/build/yolov8_cam/build/lib/yolov8_cam
[1.213s] running install
[1.214s] running install_lib
[1.215s] creating /home/hs/yolo_ws/install/yolov8_cam/lib/python3.8/site-packages/yolov8_cam
[1.215s] copying /home/hs/yolo_ws/build/yolov8_cam/build/lib/yolov8_cam/webcam_publisher.py -> /home/hs/yolo_ws/install/yolov8_cam/lib/python3.8/site-packages/yolov8_cam
[1.215s] copying /home/hs/yolo_ws/build/yolov8_cam/build/lib/yolov8_cam/__init__.py -> /home/hs/yolo_ws/install/yolov8_cam/lib/python3.8/site-packages/yolov8_cam
[1.216s] byte-compiling /home/hs/yolo_ws/install/yolov8_cam/lib/python3.8/site-packages/yolov8_cam/webcam_publisher.py to webcam_publisher.cpython-38.pyc
[1.217s] byte-compiling /home/hs/yolo_ws/install/yolov8_cam/lib/python3.8/site-packages/yolov8_cam/__init__.py to __init__.cpython-38.pyc
[1.217s] running install_data
[1.217s] copying package.xml -> /home/hs/yolo_ws/install/yolov8_cam/share/yolov8_cam
[1.218s] running install_egg_info
[1.219s] Copying ../../build/yolov8_cam/yolov8_cam.egg-info to /home/hs/yolo_ws/install/yolov8_cam/lib/python3.8/site-packages/yolov8_cam-0.0.0-py3.8.egg-info
[1.220s] running install_scripts
[1.237s] Installing webcam_publisher script to /home/hs/yolo_ws/install/yolov8_cam/lib/yolov8_cam
[1.237s] writing list of installed files to '/home/hs/yolo_ws/build/yolov8_cam/install.log'
[1.291s] Invoked command in '/home/hs/yolo_ws/src/yolov8_cam' returned '0': PS1=(yolov8_env) \[\e]0;\u@\h: \w\a\]${debian_chroot:+($debian_chroot)}\[\033[01;32m\]\u@\h\[\033[00m\]:\[\033[01;34m\]\w\[\033[00m\]\$ PYTHONPATH=/home/hs/yolo_ws/build/yolov8_cam/prefix_override:/usr/lib/python3/dist-packages/colcon_core/task/python/colcon_distutils_commands:/home/hs/yolo_ws/install/yolov8_cam/lib/python3.8/site-packages:${PYTHONPATH} /usr/bin/python3 -W ignore:setup.py install is deprecated -W ignore:easy_install command is deprecated setup.py egg_info --egg-base ../../build/yolov8_cam build --build-base /home/hs/yolo_ws/build/yolov8_cam/build install --record /home/hs/yolo_ws/build/yolov8_cam/install.log --install-scripts $base/lib/yolov8_cam --single-version-externally-managed install_data
