[1.019s] Invoking command in '/home/hs/yolo_ws/src/yolov8_cam': PS1=(yolov8_env) \[\e]0;\u@\h: \w\a\]${debian_chroot:+($debian_chroot)}\[\033[01;32m\]\u@\h\[\033[00m\]:\[\033[01;34m\]\w\[\033[00m\]\$ PYTHONPATH=/home/hs/yolo_ws/build/yolov8_cam/prefix_override:/usr/lib/python3/dist-packages/colcon_core/task/python/colcon_distutils_commands:/home/hs/yolo_ws/install/yolov8_cam/lib/python3.8/site-packages:${PYTHONPATH} /usr/bin/python3 -W ignore:setup.py install is deprecated -W ignore:easy_install command is deprecated setup.py egg_info --egg-base ../../build/yolov8_cam build --build-base /home/hs/yolo_ws/build/yolov8_cam/build install --record /home/hs/yolo_ws/build/yolov8_cam/install.log --install-scripts $base/lib/yolov8_cam --single-version-externally-managed install_data
[1.209s] running egg_info
[1.209s] writing ../../build/yolov8_cam/yolov8_cam.egg-info/PKG-INFO
[1.210s] writing dependency_links to ../../build/yolov8_cam/yolov8_cam.egg-info/dependency_links.txt
[1.210s] writing entry points to ../../build/yolov8_cam/yolov8_cam.egg-info/entry_points.txt
[1.210s] writing requirements to ../../build/yolov8_cam/yolov8_cam.egg-info/requires.txt
[1.210s] writing top-level names to ../../build/yolov8_cam/yolov8_cam.egg-info/top_level.txt
[1.237s] reading manifest file '../../build/yolov8_cam/yolov8_cam.egg-info/SOURCES.txt'
[1.237s] writing manifest file '../../build/yolov8_cam/yolov8_cam.egg-info/SOURCES.txt'
[1.237s] running build
[1.237s] running build_py
[1.238s] running install
[1.238s] running install_lib
[1.240s] running install_data
[1.240s] running install_egg_info
[1.242s] removing '/home/hs/yolo_ws/install/yolov8_cam/lib/python3.8/site-packages/yolov8_cam-0.0.0-py3.8.egg-info' (and everything under it)
[1.243s] Copying ../../build/yolov8_cam/yolov8_cam.egg-info to /home/hs/yolo_ws/install/yolov8_cam/lib/python3.8/site-packages/yolov8_cam-0.0.0-py3.8.egg-info
[1.244s] running install_scripts
[1.259s] Installing webcam_publisher script to /home/hs/yolo_ws/install/yolov8_cam/lib/yolov8_cam
[1.260s] writing list of installed files to '/home/hs/yolo_ws/build/yolov8_cam/install.log'
