[1.009s] Invoking command in '/home/hs/yolo_ws/src/yolov8_inference': PS1=(yolov8_env) \[\e]0;\u@\h: \w\a\]${debian_chroot:+($debian_chroot)}\[\033[01;32m\]\u@\h\[\033[00m\]:\[\033[01;34m\]\w\[\033[00m\]\$ PYTHONPATH=/home/hs/yolo_ws/build/yolov8_inference/prefix_override:/usr/lib/python3/dist-packages/colcon_core/task/python/colcon_distutils_commands:/home/hs/yolo_ws/install/yolov8_inference/lib/python3.8/site-packages:${PYTHONPATH} /usr/bin/python3 -W ignore:setup.py install is deprecated -W ignore:easy_install command is deprecated setup.py egg_info --egg-base ../../build/yolov8_inference build --build-base /home/hs/yolo_ws/build/yolov8_inference/build install --record /home/hs/yolo_ws/build/yolov8_inference/install.log --install-scripts $base/lib/yolov8_inference --single-version-externally-managed install_data
[1.204s] running egg_info
[1.204s] writing ../../build/yolov8_inference/yolov8_inference.egg-info/PKG-INFO
[1.204s] writing dependency_links to ../../build/yolov8_inference/yolov8_inference.egg-info/dependency_links.txt
[1.204s] writing entry points to ../../build/yolov8_inference/yolov8_inference.egg-info/entry_points.txt
[1.205s] writing requirements to ../../build/yolov8_inference/yolov8_inference.egg-info/requires.txt
[1.205s] writing top-level names to ../../build/yolov8_inference/yolov8_inference.egg-info/top_level.txt
[1.233s] reading manifest file '../../build/yolov8_inference/yolov8_inference.egg-info/SOURCES.txt'
[1.233s] writing manifest file '../../build/yolov8_inference/yolov8_inference.egg-info/SOURCES.txt'
[1.233s] running build
[1.234s] running build_py
[1.234s] running install
[1.235s] running install_lib
[1.237s] running install_data
[1.237s] running install_egg_info
[1.240s] removing '/home/hs/yolo_ws/install/yolov8_inference/lib/python3.8/site-packages/yolov8_inference-0.0.0-py3.8.egg-info' (and everything under it)
[1.240s] Copying ../../build/yolov8_inference/yolov8_inference.egg-info to /home/hs/yolo_ws/install/yolov8_inference/lib/python3.8/site-packages/yolov8_inference-0.0.0-py3.8.egg-info
[1.241s] running install_scripts
[1.261s] Installing yolo_node script to /home/hs/yolo_ws/install/yolov8_inference/lib/yolov8_inference
[1.262s] writing list of installed files to '/home/hs/yolo_ws/build/yolov8_inference/install.log'
