[1.041s] Invoking command in '/home/hs/yolo_ws/src/yolov8_inference': PS1=(yolov8_env) \[\e]0;\u@\h: \w\a\]${debian_chroot:+($debian_chroot)}\[\033[01;32m\]\u@\h\[\033[00m\]:\[\033[01;34m\]\w\[\033[00m\]\$ PYTHONPATH=/home/hs/yolo_ws/build/yolov8_inference/prefix_override:/usr/lib/python3/dist-packages/colcon_core/task/python/colcon_distutils_commands:/home/hs/yolo_ws/install/yolov8_inference/lib/python3.8/site-packages:${PYTHONPATH} /usr/bin/python3 -W ignore:setup.py install is deprecated -W ignore:easy_install command is deprecated setup.py egg_info --egg-base ../../build/yolov8_inference build --build-base /home/hs/yolo_ws/build/yolov8_inference/build install --record /home/hs/yolo_ws/build/yolov8_inference/install.log --install-scripts $base/lib/yolov8_inference --single-version-externally-managed install_data
[1.219s] running egg_info
[1.220s] writing ../../build/yolov8_inference/yolov8_inference.egg-info/PKG-INFO
[1.220s] writing dependency_links to ../../build/yolov8_inference/yolov8_inference.egg-info/dependency_links.txt
[1.221s] writing entry points to ../../build/yolov8_inference/yolov8_inference.egg-info/entry_points.txt
[1.221s] writing requirements to ../../build/yolov8_inference/yolov8_inference.egg-info/requires.txt
[1.221s] writing top-level names to ../../build/yolov8_inference/yolov8_inference.egg-info/top_level.txt
[1.246s] reading manifest file '../../build/yolov8_inference/yolov8_inference.egg-info/SOURCES.txt'
[1.247s] writing manifest file '../../build/yolov8_inference/yolov8_inference.egg-info/SOURCES.txt'
[1.247s] running build
[1.247s] running build_py
[1.247s] copying yolov8_inference/yolo_node.py -> /home/hs/yolo_ws/build/yolov8_inference/build/lib/yolov8_inference
[1.247s] running install
[1.248s] running install_lib
[1.249s] copying /home/hs/yolo_ws/build/yolov8_inference/build/lib/yolov8_inference/yolo_node.py -> /home/hs/yolo_ws/install/yolov8_inference/lib/python3.8/site-packages/yolov8_inference
[1.250s] byte-compiling /home/hs/yolo_ws/install/yolov8_inference/lib/python3.8/site-packages/yolov8_inference/yolo_node.py to yolo_node.cpython-38.pyc
[1.251s] running install_data
[1.252s] running install_egg_info
[1.253s] removing '/home/hs/yolo_ws/install/yolov8_inference/lib/python3.8/site-packages/yolov8_inference-0.0.0-py3.8.egg-info' (and everything under it)
[1.253s] Copying ../../build/yolov8_inference/yolov8_inference.egg-info to /home/hs/yolo_ws/install/yolov8_inference/lib/python3.8/site-packages/yolov8_inference-0.0.0-py3.8.egg-info
[1.254s] running install_scripts
[1.271s] Installing yolo_node script to /home/hs/yolo_ws/install/yolov8_inference/lib/yolov8_inference
[1.271s] writing list of installed files to '/home/hs/yolo_ws/build/yolov8_inference/install.log'
[1.322s] Invoked command in '/home/hs/yolo_ws/src/yolov8_inference' returned '0': PS1=(yolov8_env) \[\e]0;\u@\h: \w\a\]${debian_chroot:+($debian_chroot)}\[\033[01;32m\]\u@\h\[\033[00m\]:\[\033[01;34m\]\w\[\033[00m\]\$ PYTHONPATH=/home/hs/yolo_ws/build/yolov8_inference/prefix_override:/usr/lib/python3/dist-packages/colcon_core/task/python/colcon_distutils_commands:/home/hs/yolo_ws/install/yolov8_inference/lib/python3.8/site-packages:${PYTHONPATH} /usr/bin/python3 -W ignore:setup.py install is deprecated -W ignore:easy_install command is deprecated setup.py egg_info --egg-base ../../build/yolov8_inference build --build-base /home/hs/yolo_ws/build/yolov8_inference/build install --record /home/hs/yolo_ws/build/yolov8_inference/install.log --install-scripts $base/lib/yolov8_inference --single-version-externally-managed install_data
