[1.073s] Invoking command in '/home/hs/yolo_ws/src/yolov8_launch': PS1=(yolov8_env) \[\e]0;\u@\h: \w\a\]${debian_chroot:+($debian_chroot)}\[\033[01;32m\]\u@\h\[\033[00m\]:\[\033[01;34m\]\w\[\033[00m\]\$ PYTHONPATH=/home/hs/yolo_ws/build/yolov8_launch/prefix_override:/usr/lib/python3/dist-packages/colcon_core/task/python/colcon_distutils_commands:/home/hs/yolo_ws/install/yolov8_launch/lib/python3.8/site-packages:${PYTHONPATH} /usr/bin/python3 -W ignore:setup.py install is deprecated -W ignore:easy_install command is deprecated setup.py egg_info --egg-base ../../build/yolov8_launch build --build-base /home/hs/yolo_ws/build/yolov8_launch/build install --record /home/hs/yolo_ws/build/yolov8_launch/install.log --install-scripts $base/lib/yolov8_launch --single-version-externally-managed install_data
[1.253s] running egg_info
[1.254s] writing ../../build/yolov8_launch/yolov8_launch.egg-info/PKG-INFO
[1.254s] writing dependency_links to ../../build/yolov8_launch/yolov8_launch.egg-info/dependency_links.txt
[1.254s] writing entry points to ../../build/yolov8_launch/yolov8_launch.egg-info/entry_points.txt
[1.254s] writing requirements to ../../build/yolov8_launch/yolov8_launch.egg-info/requires.txt
[1.254s] writing top-level names to ../../build/yolov8_launch/yolov8_launch.egg-info/top_level.txt
[1.280s] reading manifest file '../../build/yolov8_launch/yolov8_launch.egg-info/SOURCES.txt'
[1.281s] writing manifest file '../../build/yolov8_launch/yolov8_launch.egg-info/SOURCES.txt'
[1.281s] running build
[1.281s] running build_py
[1.281s] running install
[1.281s] running install_lib
[1.283s] running install_data
[1.283s] running install_egg_info
[1.285s] removing '/home/hs/yolo_ws/install/yolov8_launch/lib/python3.8/site-packages/yolov8_launch-0.0.0-py3.8.egg-info' (and everything under it)
[1.285s] Copying ../../build/yolov8_launch/yolov8_launch.egg-info to /home/hs/yolo_ws/install/yolov8_launch/lib/python3.8/site-packages/yolov8_launch-0.0.0-py3.8.egg-info
[1.286s] running install_scripts
[1.300s] writing list of installed files to '/home/hs/yolo_ws/build/yolov8_launch/install.log'
[1.345s] Invoked command in '/home/hs/yolo_ws/src/yolov8_launch' returned '0': PS1=(yolov8_env) \[\e]0;\u@\h: \w\a\]${debian_chroot:+($debian_chroot)}\[\033[01;32m\]\u@\h\[\033[00m\]:\[\033[01;34m\]\w\[\033[00m\]\$ PYTHONPATH=/home/hs/yolo_ws/build/yolov8_launch/prefix_override:/usr/lib/python3/dist-packages/colcon_core/task/python/colcon_distutils_commands:/home/hs/yolo_ws/install/yolov8_launch/lib/python3.8/site-packages:${PYTHONPATH} /usr/bin/python3 -W ignore:setup.py install is deprecated -W ignore:easy_install command is deprecated setup.py egg_info --egg-base ../../build/yolov8_launch build --build-base /home/hs/yolo_ws/build/yolov8_launch/build install --record /home/hs/yolo_ws/build/yolov8_launch/install.log --install-scripts $base/lib/yolov8_launch --single-version-externally-managed install_data
