running egg_info
creating ../../build/yolov8_launch/yolov8_launch.egg-info
writing ../../build/yolov8_launch/yolov8_launch.egg-info/PKG-INFO
writing dependency_links to ../../build/yolov8_launch/yolov8_launch.egg-info/dependency_links.txt
writing entry points to ../../build/yolov8_launch/yolov8_launch.egg-info/entry_points.txt
writing requirements to ../../build/yolov8_launch/yolov8_launch.egg-info/requires.txt
writing top-level names to ../../build/yolov8_launch/yolov8_launch.egg-info/top_level.txt
writing manifest file '../../build/yolov8_launch/yolov8_launch.egg-info/SOURCES.txt'
reading manifest file '../../build/yolov8_launch/yolov8_launch.egg-info/SOURCES.txt'
writing manifest file '../../build/yolov8_launch/yolov8_launch.egg-info/SOURCES.txt'
running build
running build_py
creating /home/hs/yolo_ws/build/yolov8_launch/build
creating /home/hs/yolo_ws/build/yolov8_launch/build/lib
creating /home/hs/yolo_ws/build/yolov8_launch/build/lib/yolov8_launch
copying yolov8_launch/__init__.py -> /home/hs/yolo_ws/build/yolov8_launch/build/lib/yolov8_launch
running install
running install_lib
creating /home/hs/yolo_ws/install/yolov8_launch/lib/python3.8/site-packages/yolov8_launch
copying /home/hs/yolo_ws/build/yolov8_launch/build/lib/yolov8_launch/__init__.py -> /home/hs/yolo_ws/install/yolov8_launch/lib/python3.8/site-packages/yolov8_launch
byte-compiling /home/hs/yolo_ws/install/yolov8_launch/lib/python3.8/site-packages/yolov8_launch/__init__.py to __init__.cpython-38.pyc
running install_data
creating /home/hs/yolo_ws/install/yolov8_launch/share/yolov8_launch/launch
copying launch/yolo_system_launch.py -> /home/hs/yolo_ws/install/yolov8_launch/share/yolov8_launch/launch
copying package.xml -> /home/hs/yolo_ws/install/yolov8_launch/share/yolov8_launch
running install_egg_info
Copying ../../build/yolov8_launch/yolov8_launch.egg-info to /home/hs/yolo_ws/install/yolov8_launch/lib/python3.8/site-packages/yolov8_launch-0.0.0-py3.8.egg-info
running install_scripts
writing list of installed files to '/home/hs/yolo_ws/build/yolov8_launch/install.log'
