[0.994s] Invoking command in '/home/hs/yolo_ws/src/yolov8_launch': PS1=(yolov8_env) \[\e]0;\u@\h: \w\a\]${debian_chroot:+($debian_chroot)}\[\033[01;32m\]\u@\h\[\033[00m\]:\[\033[01;34m\]\w\[\033[00m\]\$ PYTHONPATH=/home/hs/yolo_ws/build/yolov8_launch/prefix_override:/usr/lib/python3/dist-packages/colcon_core/task/python/colcon_distutils_commands:/home/hs/yolo_ws/install/yolov8_launch/lib/python3.8/site-packages:${PYTHONPATH} /usr/bin/python3 -W ignore:setup.py install is deprecated -W ignore:easy_install command is deprecated setup.py egg_info --egg-base ../../build/yolov8_launch build --build-base /home/hs/yolo_ws/build/yolov8_launch/build install --record /home/hs/yolo_ws/build/yolov8_launch/install.log --install-scripts $base/lib/yolov8_launch --single-version-externally-managed install_data
[1.163s] running egg_info
[1.163s] creating ../../build/yolov8_launch/yolov8_launch.egg-info
[1.163s] writing ../../build/yolov8_launch/yolov8_launch.egg-info/PKG-INFO
[1.164s] writing dependency_links to ../../build/yolov8_launch/yolov8_launch.egg-info/dependency_links.txt
[1.164s] writing entry points to ../../build/yolov8_launch/yolov8_launch.egg-info/entry_points.txt
[1.164s] writing requirements to ../../build/yolov8_launch/yolov8_launch.egg-info/requires.txt
[1.164s] writing top-level names to ../../build/yolov8_launch/yolov8_launch.egg-info/top_level.txt
[1.164s] writing manifest file '../../build/yolov8_launch/yolov8_launch.egg-info/SOURCES.txt'
[1.191s] reading manifest file '../../build/yolov8_launch/yolov8_launch.egg-info/SOURCES.txt'
[1.191s] writing manifest file '../../build/yolov8_launch/yolov8_launch.egg-info/SOURCES.txt'
[1.191s] running build
[1.191s] running build_py
[1.192s] creating /home/hs/yolo_ws/build/yolov8_launch/build
[1.192s] creating /home/hs/yolo_ws/build/yolov8_launch/build/lib
[1.192s] creating /home/hs/yolo_ws/build/yolov8_launch/build/lib/yolov8_launch
[1.192s] copying yolov8_launch/__init__.py -> /home/hs/yolo_ws/build/yolov8_launch/build/lib/yolov8_launch
[1.192s] running install
[1.192s] running install_lib
[1.193s] creating /home/hs/yolo_ws/install/yolov8_launch/lib/python3.8/site-packages/yolov8_launch
[1.193s] copying /home/hs/yolo_ws/build/yolov8_launch/build/lib/yolov8_launch/__init__.py -> /home/hs/yolo_ws/install/yolov8_launch/lib/python3.8/site-packages/yolov8_launch
[1.194s] byte-compiling /home/hs/yolo_ws/install/yolov8_launch/lib/python3.8/site-packages/yolov8_launch/__init__.py to __init__.cpython-38.pyc
[1.195s] running install_data
[1.195s] creating /home/hs/yolo_ws/install/yolov8_launch/share/yolov8_launch/launch
[1.195s] copying launch/yolo_system_launch.py -> /home/hs/yolo_ws/install/yolov8_launch/share/yolov8_launch/launch
[1.195s] copying package.xml -> /home/hs/yolo_ws/install/yolov8_launch/share/yolov8_launch
[1.195s] running install_egg_info
[1.197s] Copying ../../build/yolov8_launch/yolov8_launch.egg-info to /home/hs/yolo_ws/install/yolov8_launch/lib/python3.8/site-packages/yolov8_launch-0.0.0-py3.8.egg-info
[1.197s] running install_scripts
[1.212s] writing list of installed files to '/home/hs/yolo_ws/build/yolov8_launch/install.log'
[1.256s] Invoked command in '/home/hs/yolo_ws/src/yolov8_launch' returned '0': PS1=(yolov8_env) \[\e]0;\u@\h: \w\a\]${debian_chroot:+($debian_chroot)}\[\033[01;32m\]\u@\h\[\033[00m\]:\[\033[01;34m\]\w\[\033[00m\]\$ PYTHONPATH=/home/hs/yolo_ws/build/yolov8_launch/prefix_override:/usr/lib/python3/dist-packages/colcon_core/task/python/colcon_distutils_commands:/home/hs/yolo_ws/install/yolov8_launch/lib/python3.8/site-packages:${PYTHONPATH} /usr/bin/python3 -W ignore:setup.py install is deprecated -W ignore:easy_install command is deprecated setup.py egg_info --egg-base ../../build/yolov8_launch build --build-base /home/hs/yolo_ws/build/yolov8_launch/build install --record /home/hs/yolo_ws/build/yolov8_launch/install.log --install-scripts $base/lib/yolov8_launch --single-version-externally-managed install_data
