[1.047s] Invoking command in '/home/hs/yolo_ws/build/yolov8_launch': PS1=(yolov8_env) \[\e]0;\u@\h: \w\a\]${debian_chroot:+($debian_chroot)}\[\033[01;32m\]\u@\h\[\033[00m\]:\[\033[01;34m\]\w\[\033[00m\]\$ PYTHONPATH=/home/hs/yolo_ws/build/yolov8_launch/prefix_override:/usr/lib/python3/dist-packages/colcon_core/task/python/colcon_distutils_commands:/home/hs/yolo_ws/install/yolov8_launch/lib/python3.8/site-packages:${PYTHONPATH} /usr/bin/python3 -W ignore:setup.py install is deprecated -W ignore:easy_install command is deprecated setup.py develop --editable --build-directory /home/hs/yolo_ws/build/yolov8_launch/build --no-deps symlink_data --force
[1.238s] running develop
[1.353s] running egg_info
[1.353s] writing yolov8_launch.egg-info/PKG-INFO
[1.353s] writing dependency_links to yolov8_launch.egg-info/dependency_links.txt
[1.354s] writing entry points to yolov8_launch.egg-info/entry_points.txt
[1.354s] writing requirements to yolov8_launch.egg-info/requires.txt
[1.354s] writing top-level names to yolov8_launch.egg-info/top_level.txt
[1.380s] reading manifest file 'yolov8_launch.egg-info/SOURCES.txt'
[1.380s] writing manifest file 'yolov8_launch.egg-info/SOURCES.txt'
[1.414s] running build_ext
[1.414s] Creating /home/hs/yolo_ws/install/yolov8_launch/lib/python3.8/site-packages/site.py
[1.416s] Creating /home/hs/yolo_ws/install/yolov8_launch/lib/python3.8/site-packages/yolov8-launch.egg-link (link to .)
[1.417s] 
[1.417s] Installed /home/hs/yolo_ws/build/yolov8_launch
[1.417s] running symlink_data
[1.418s] symbolically linking /home/hs/yolo_ws/build/yolov8_launch/resource/yolov8_launch -> /home/hs/yolo_ws/install/yolov8_launch/share/ament_index/resource_index/packages
[1.418s] symbolically linking /home/hs/yolo_ws/build/yolov8_launch/package.xml -> /home/hs/yolo_ws/install/yolov8_launch/share/yolov8_launch
[1.418s] symbolically linking /home/hs/yolo_ws/build/yolov8_launch/launch/yolo_system_launch.py -> /home/hs/yolo_ws/install/yolov8_launch/share/yolov8_launch/launch
[1.486s] Invoked command in '/home/hs/yolo_ws/build/yolov8_launch' returned '0': PS1=(yolov8_env) \[\e]0;\u@\h: \w\a\]${debian_chroot:+($debian_chroot)}\[\033[01;32m\]\u@\h\[\033[00m\]:\[\033[01;34m\]\w\[\033[00m\]\$ PYTHONPATH=/home/hs/yolo_ws/build/yolov8_launch/prefix_override:/usr/lib/python3/dist-packages/colcon_core/task/python/colcon_distutils_commands:/home/hs/yolo_ws/install/yolov8_launch/lib/python3.8/site-packages:${PYTHONPATH} /usr/bin/python3 -W ignore:setup.py install is deprecated -W ignore:easy_install command is deprecated setup.py develop --editable --build-directory /home/hs/yolo_ws/build/yolov8_launch/build --no-deps symlink_data --force
