running egg_info
creating ../../build/yolov8_inference/yolov8_inference.egg-info
writing ../../build/yolov8_inference/yolov8_inference.egg-info/PKG-INFO
writing dependency_links to ../../build/yolov8_inference/yolov8_inference.egg-info/dependency_links.txt
writing entry points to ../../build/yolov8_inference/yolov8_inference.egg-info/entry_points.txt
writing requirements to ../../build/yolov8_inference/yolov8_inference.egg-info/requires.txt
writing top-level names to ../../build/yolov8_inference/yolov8_inference.egg-info/top_level.txt
writing manifest file '../../build/yolov8_inference/yolov8_inference.egg-info/SOURCES.txt'
reading manifest file '../../build/yolov8_inference/yolov8_inference.egg-info/SOURCES.txt'
writing manifest file '../../build/yolov8_inference/yolov8_inference.egg-info/SOURCES.txt'
running build
running build_py
creating /home/hs/yolo_ws/build/yolov8_inference/build
creating /home/hs/yolo_ws/build/yolov8_inference/build/lib
creating /home/hs/yolo_ws/build/yolov8_inference/build/lib/yolov8_inference
copying yolov8_inference/yolo_node.py -> /home/hs/yolo_ws/build/yolov8_inference/build/lib/yolov8_inference
copying yolov8_inference/__init__.py -> /home/hs/yolo_ws/build/yolov8_inference/build/lib/yolov8_inference
running install
running install_lib
creating /home/hs/yolo_ws/install/yolov8_inference/lib/python3.8/site-packages/yolov8_inference
copying /home/hs/yolo_ws/build/yolov8_inference/build/lib/yolov8_inference/yolo_node.py -> /home/hs/yolo_ws/install/yolov8_inference/lib/python3.8/site-packages/yolov8_inference
copying /home/hs/yolo_ws/build/yolov8_inference/build/lib/yolov8_inference/__init__.py -> /home/hs/yolo_ws/install/yolov8_inference/lib/python3.8/site-packages/yolov8_inference
byte-compiling /home/hs/yolo_ws/install/yolov8_inference/lib/python3.8/site-packages/yolov8_inference/yolo_node.py to yolo_node.cpython-38.pyc
byte-compiling /home/hs/yolo_ws/install/yolov8_inference/lib/python3.8/site-packages/yolov8_inference/__init__.py to __init__.cpython-38.pyc
running install_data
copying package.xml -> /home/hs/yolo_ws/install/yolov8_inference/share/yolov8_inference
running install_egg_info
Copying ../../build/yolov8_inference/yolov8_inference.egg-info to /home/hs/yolo_ws/install/yolov8_inference/lib/python3.8/site-packages/yolov8_inference-0.0.0-py3.8.egg-info
running install_scripts
Installing yolo_node script to /home/hs/yolo_ws/install/yolov8_inference/lib/yolov8_inference
writing list of installed files to '/home/hs/yolo_ws/build/yolov8_inference/install.log'
