[0.988s] Invoking command in '/home/hs/yolo_ws/src/yolov8_inference': PS1=(yolov8_env) \[\e]0;\u@\h: \w\a\]${debian_chroot:+($debian_chroot)}\[\033[01;32m\]\u@\h\[\033[00m\]:\[\033[01;34m\]\w\[\033[00m\]\$ PYTHONPATH=/home/hs/yolo_ws/build/yolov8_inference/prefix_override:/usr/lib/python3/dist-packages/colcon_core/task/python/colcon_distutils_commands:/home/hs/yolo_ws/install/yolov8_inference/lib/python3.8/site-packages:${PYTHONPATH} /usr/bin/python3 -W ignore:setup.py install is deprecated -W ignore:easy_install command is deprecated setup.py egg_info --egg-base ../../build/yolov8_inference build --build-base /home/hs/yolo_ws/build/yolov8_inference/build install --record /home/hs/yolo_ws/build/yolov8_inference/install.log --install-scripts $base/lib/yolov8_inference --single-version-externally-managed install_data
[1.173s] running egg_info
[1.174s] creating ../../build/yolov8_inference/yolov8_inference.egg-info
[1.174s] writing ../../build/yolov8_inference/yolov8_inference.egg-info/PKG-INFO
[1.174s] writing dependency_links to ../../build/yolov8_inference/yolov8_inference.egg-info/dependency_links.txt
[1.174s] writing entry points to ../../build/yolov8_inference/yolov8_inference.egg-info/entry_points.txt
[1.174s] writing requirements to ../../build/yolov8_inference/yolov8_inference.egg-info/requires.txt
[1.174s] writing top-level names to ../../build/yolov8_inference/yolov8_inference.egg-info/top_level.txt
[1.175s] writing manifest file '../../build/yolov8_inference/yolov8_inference.egg-info/SOURCES.txt'
[1.199s] reading manifest file '../../build/yolov8_inference/yolov8_inference.egg-info/SOURCES.txt'
[1.200s] writing manifest file '../../build/yolov8_inference/yolov8_inference.egg-info/SOURCES.txt'
[1.200s] running build
[1.200s] running build_py
[1.200s] creating /home/hs/yolo_ws/build/yolov8_inference/build
[1.200s] creating /home/hs/yolo_ws/build/yolov8_inference/build/lib
[1.200s] creating /home/hs/yolo_ws/build/yolov8_inference/build/lib/yolov8_inference
[1.200s] copying yolov8_inference/yolo_node.py -> /home/hs/yolo_ws/build/yolov8_inference/build/lib/yolov8_inference
[1.200s] copying yolov8_inference/__init__.py -> /home/hs/yolo_ws/build/yolov8_inference/build/lib/yolov8_inference
[1.200s] running install
[1.201s] running install_lib
[1.202s] creating /home/hs/yolo_ws/install/yolov8_inference/lib/python3.8/site-packages/yolov8_inference
[1.202s] copying /home/hs/yolo_ws/build/yolov8_inference/build/lib/yolov8_inference/yolo_node.py -> /home/hs/yolo_ws/install/yolov8_inference/lib/python3.8/site-packages/yolov8_inference
[1.202s] copying /home/hs/yolo_ws/build/yolov8_inference/build/lib/yolov8_inference/__init__.py -> /home/hs/yolo_ws/install/yolov8_inference/lib/python3.8/site-packages/yolov8_inference
[1.202s] byte-compiling /home/hs/yolo_ws/install/yolov8_inference/lib/python3.8/site-packages/yolov8_inference/yolo_node.py to yolo_node.cpython-38.pyc
[1.204s] byte-compiling /home/hs/yolo_ws/install/yolov8_inference/lib/python3.8/site-packages/yolov8_inference/__init__.py to __init__.cpython-38.pyc
[1.204s] running install_data
[1.204s] copying package.xml -> /home/hs/yolo_ws/install/yolov8_inference/share/yolov8_inference
[1.204s] running install_egg_info
[1.206s] Copying ../../build/yolov8_inference/yolov8_inference.egg-info to /home/hs/yolo_ws/install/yolov8_inference/lib/python3.8/site-packages/yolov8_inference-0.0.0-py3.8.egg-info
[1.206s] running install_scripts
[1.221s] Installing yolo_node script to /home/hs/yolo_ws/install/yolov8_inference/lib/yolov8_inference
[1.221s] writing list of installed files to '/home/hs/yolo_ws/build/yolov8_inference/install.log'
[1.286s] Invoked command in '/home/hs/yolo_ws/src/yolov8_inference' returned '0': PS1=(yolov8_env) \[\e]0;\u@\h: \w\a\]${debian_chroot:+($debian_chroot)}\[\033[01;32m\]\u@\h\[\033[00m\]:\[\033[01;34m\]\w\[\033[00m\]\$ PYTHONPATH=/home/hs/yolo_ws/build/yolov8_inference/prefix_override:/usr/lib/python3/dist-packages/colcon_core/task/python/colcon_distutils_commands:/home/hs/yolo_ws/install/yolov8_inference/lib/python3.8/site-packages:${PYTHONPATH} /usr/bin/python3 -W ignore:setup.py install is deprecated -W ignore:easy_install command is deprecated setup.py egg_info --egg-base ../../build/yolov8_inference build --build-base /home/hs/yolo_ws/build/yolov8_inference/build install --record /home/hs/yolo_ws/build/yolov8_inference/install.log --install-scripts $base/lib/yolov8_inference --single-version-externally-managed install_data
